<?xml version="1.0" encoding="UTF-8"?>
<testsuite xmlns:xsi="http://www.w3.org/2001/XMLSchema-instance" xsi:noNamespaceSchemaLocation="https://maven.apache.org/surefire/maven-surefire-plugin/xsd/surefire-test-report-3.0.xsd" version="3.0" name="com.mycompany.assignment3.BoundedQueueTest" time="0.057" tests="5" errors="0" skipped="0" failures="0">
  <properties>
    <property name="java.specification.version" value="20"/>
    <property name="sun.cpu.isalist" value="amd64"/>
    <property name="sun.jnu.encoding" value="Cp1252"/>
    <property name="java.class.path" value="C:\Users\garma\assignment3\target\test-classes;C:\Users\garma\assignment3\target\classes;C:\Users\garma\.m2\repository\junit\junit\4.13.2\junit-4.13.2.jar;C:\Users\garma\.m2\repository\org\hamcrest\hamcrest-core\1.3\hamcrest-core-1.3.jar;"/>
    <property name="java.vm.vendor" value="Oracle Corporation"/>
    <property name="sun.arch.data.model" value="64"/>
    <property name="user.variant" value=""/>
    <property name="java.vendor.url" value="https://java.oracle.com/"/>
    <property name="user.timezone" value="America/Chicago"/>
    <property name="os.name" value="Windows 11"/>
    <property name="java.vm.specification.version" value="20"/>
    <property name="user.country" value="US"/>
    <property name="sun.java.launcher" value="SUN_STANDARD"/>
    <property name="sun.boot.library.path" value="C:\Program Files\Java\jdk-20\bin"/>
    <property name="sun.java.command" value="C:\Users\garma\AppData\Local\Temp\surefire14134570705851351255\surefirebooter-20240213193530021_3.jar C:\Users\garma\AppData\Local\Temp\surefire14134570705851351255 2024-02-13T19-35-29_653-jvmRun1 surefire-20240213193530021_1tmp surefire_0-20240213193530021_2tmp"/>
    <property name="jdk.debug" value="release"/>
    <property name="test" value="com.mycompany.assignment3.BoundedQueueTest"/>
    <property name="surefire.test.class.path" value="C:\Users\garma\assignment3\target\test-classes;C:\Users\garma\assignment3\target\classes;C:\Users\garma\.m2\repository\junit\junit\4.13.2\junit-4.13.2.jar;C:\Users\garma\.m2\repository\org\hamcrest\hamcrest-core\1.3\hamcrest-core-1.3.jar;"/>
    <property name="sun.cpu.endian" value="little"/>
    <property name="user.home" value="C:\Users\garma"/>
    <property name="user.language" value="en"/>
    <property name="java.specification.vendor" value="Oracle Corporation"/>
    <property name="java.version.date" value="2023-03-21"/>
    <property name="java.home" value="C:\Program Files\Java\jdk-20"/>
    <property name="file.separator" value="\"/>
    <property name="basedir" value="C:\Users\garma\assignment3"/>
    <property name="java.vm.compressedOopsMode" value="Zero based"/>
    <property name="line.separator" value="&#10;"/>
    <property name="java.vm.specification.vendor" value="Oracle Corporation"/>
    <property name="java.specification.name" value="Java Platform API Specification"/>
    <property name="surefire.real.class.path" value="C:\Users\garma\AppData\Local\Temp\surefire14134570705851351255\surefirebooter-20240213193530021_3.jar"/>
    <property name="user.script" value=""/>
    <property name="sun.management.compiler" value="HotSpot 64-Bit Tiered Compilers"/>
    <property name="java.runtime.version" value="20+36-2344"/>
    <property name="user.name" value="garma"/>
    <property name="stdout.encoding" value="Cp1252"/>
    <property name="path.separator" value=";"/>
    <property name="os.version" value="10.0"/>
    <property name="java.runtime.name" value="Java(TM) SE Runtime Environment"/>
    <property name="file.encoding" value="UTF-8"/>
    <property name="java.vm.name" value="Java HotSpot(TM) 64-Bit Server VM"/>
    <property name="maven.ext.class.path" value="C:\Program Files\NetBeans-20\netbeans\java\maven-nblib\netbeans-eventspy.jar"/>
    <property name="localRepository" value="C:\Users\garma\.m2\repository"/>
    <property name="java.vendor.url.bug" value="https://bugreport.java.com/bugreport/"/>
    <property name="java.io.tmpdir" value="C:\Users\garma\AppData\Local\Temp\"/>
    <property name="java.version" value="20"/>
    <property name="user.dir" value="C:\Users\garma\assignment3"/>
    <property name="os.arch" value="amd64"/>
    <property name="java.vm.specification.name" value="Java Virtual Machine Specification"/>
    <property name="sun.os.patch.level" value=""/>
    <property name="native.encoding" value="Cp1252"/>
    <property name="java.library.path" value="C:\Program Files\Java\jdk-20\bin;C:\WINDOWS\Sun\Java\bin;C:\WINDOWS\system32;C:\WINDOWS;C:\Program Files\Common Files\Oracle\Java\javapath;C:\Program Files\Oculus\Support\oculus-runtime;C:\Program Files\PlasticSCM5\server;C:\Program Files\PlasticSCM5\client;C:\Program Files (x86)\Windows Resource Kits\Tools\;C:\WINDOWS\system32;C:\WINDOWS;C:\WINDOWS\System32\Wbem;C:\WINDOWS\System32\WindowsPowerShell\v1.0\;C:\WINDOWS\System32\OpenSSH\;C:\Program Files\PuTTY\;C:\Program Files\Git\cmd;C:\ProgramData\chocolatey\bin;C:\Users\garma\AppData\Roaming\nvm;C:\Program Files\nodejs;C:\Program Files\Microsoft SQL Server\150\Tools\Binn\;C:\Program Files\Microsoft SQL Server\Client SDK\ODBC\170\Tools\Binn\;C:\Program Files\dotnet\;C:\Program Files\MySQL\MySQL Shell 8.0\bin\;C:\Users\garma\AppData\Local\Microsoft\WindowsApps;C:\Users\garma\AppData\Local\Programs\Microsoft VS Code\bin;C:\Users\garma\AppData\Local\GitHubDesktop\bin;C:\Users\garma\AppData\Roaming\nvm;C:\Program Files\nodejs;C:\Users\garma\.dotnet\tools;;."/>
    <property name="java.vm.info" value="mixed mode, sharing"/>
    <property name="stderr.encoding" value="Cp1252"/>
    <property name="java.vendor" value="Oracle Corporation"/>
    <property name="java.vm.version" value="20+36-2344"/>
    <property name="sun.io.unicode.encoding" value="UnicodeLittle"/>
    <property name="java.class.version" value="64.0"/>
  </properties>
  <testcase name="testEnQueue" classname="com.mycompany.assignment3.BoundedQueueTest" time="0.009">
    <system-out><![CDATA[enQueue
]]></system-out>
  </testcase>
  <testcase name="testToString" classname="com.mycompany.assignment3.BoundedQueueTest" time="0.0">
    <system-out><![CDATA[toString
]]></system-out>
  </testcase>
  <testcase name="testDeQueue" classname="com.mycompany.assignment3.BoundedQueueTest" time="0.0">
    <system-out><![CDATA[deQueue
]]></system-out>
  </testcase>
  <testcase name="testIsFull" classname="com.mycompany.assignment3.BoundedQueueTest" time="0.001">
    <system-out><![CDATA[isFull
]]></system-out>
  </testcase>
  <testcase name="testIsEmpty" classname="com.mycompany.assignment3.BoundedQueueTest" time="0.0">
    <system-out><![CDATA[isEmpty
]]></system-out>
  </testcase>
</testsuite>